2024-12-13 16:08:01 - Starting data collection script
2024-12-13 16:08:01 - Executing Python script
2024-12-13 16:08:22 - Data collection script completed successfully
2024-12-13 16:09:01 - Starting data collection script
2024-12-13 16:09:01 - Executing Python script
2024-12-13 16:09:18 - Data collection script completed successfully
2024-12-13 16:10:01 - Starting data collection script
2024-12-13 16:10:01 - Executing Python script
2024-12-13 16:10:18 - Data collection script completed successfully
2024-12-13 17:00:01 - Starting data collection script
2024-12-13 17:00:01 - Executing Python script
2024-12-13 17:00:30 - Data collection script completed successfully
2024-12-14 18:38:01 - Starting data collection script
2024-12-14 18:38:01 - Executing Python script
2024-12-14 18:38:05 - Data collection script completed successfully
2024-12-14 18:39:01 - Starting data collection script
2024-12-14 18:39:01 - Executing Python script
2024-12-14 18:39:20 - Data collection script completed successfully
2024-12-14 18:40:01 - Starting data collection script
2024-12-14 18:40:01 - Executing Python script
2024-12-14 18:40:24 - Data collection script completed successfully
2024-12-14 18:41:01 - Starting data collection script
2024-12-14 18:41:01 - Executing Python script
2024-12-14 18:41:19 - Data collection script completed successfully
2024-12-15 13:20:01 - Starting data collection script
2024-12-15 13:20:01 - Executing Python script
2024-12-15 13:20:40 - Data collection script completed successfully
2024-12-15 13:20:49 - Model training script failed
2024-12-15 13:24:01 - Starting data collection script
2024-12-15 13:24:01 - Executing Python script
2024-12-15 13:25:01 - Starting data collection script
2024-12-15 13:25:01 - Executing Python script
2024-12-15 13:25:02 - Data collection script completed successfully
2024-12-15 13:25:05 - Model training script failed
2024-12-15 13:26:13 - Data collection script completed successfully
2024-12-15 13:26:16 - Model training script failed
2024-12-15 13:26:28 - Starting data collection script
2024-12-15 13:26:28 - Executing Python script
2024-12-15 13:26:49 - Data collection script completed successfully
2024-12-15 13:26:53 - Model training script failed
2024-12-15 16:16:55 - Starting data collection script
2024-12-15 16:16:55 - Executing Python script
2024-12-15 16:17:16 - Data collection script completed successfully
2024-12-15 16:17:19 - Model training script failed
2024-12-15 16:18:54 - Starting data collection script
2024-12-15 16:18:54 - Executing Python script
2024-12-15 16:19:10 - Data collection script completed successfully
2024-12-15 16:19:12 - Model training script failed
2024-12-15 16:23:51 - Starting data collection script
2024-12-15 16:23:51 - Executing Python script
2024-12-15 16:23:51 - Data collection script failed
2024-12-15 16:24:09 - Starting data collection script
2024-12-15 16:24:09 - Executing Python script
2024-12-15 16:24:26 - Data collection script completed successfully
2024-12-15 16:24:39 - Model training script completed successfully
2024-12-15 16:44:55 - Starting data collection script
2024-12-15 16:44:55 - Executing Python script
2024-12-15 16:45:15 - Data collection script completed successfully
2024-12-15 16:45:33 - Model training script completed successfully
2024-12-15 16:47:56 - Starting data collection script
2024-12-15 16:47:56 - Executing Python script
2024-12-15 16:48:14 - Data collection script completed successfully
2024-12-15 16:48:31 - Model training script completed successfully
2024-12-15 16:55:30 - Starting data collection script
2024-12-15 16:55:30 - Executing Python script
2024-12-15 16:55:55 - Data collection script completed successfully
2024-12-15 16:55:58 - Model training script failed
2024-12-15 16:56:57 - Starting data collection script
2024-12-15 16:56:57 - Executing Python script
2024-12-15 16:57:43 - Data collection script completed successfully
2024-12-15 16:57:45 - Model training script failed
2024-12-15 16:58:33 - Starting data collection script
2024-12-15 16:58:33 - Executing Python script
2024-12-15 16:59:01 - Data collection script completed successfully
2024-12-15 16:59:17 - Model training script completed successfully
2024-12-15 16:59:46 - Starting data collection script
2024-12-15 16:59:46 - Executing Python script
2024-12-15 17:00:13 - Data collection script completed successfully
2024-12-15 17:00:32 - Model training script completed successfully
2024-12-15 17:04:58 - Starting data collection script
2024-12-15 17:04:58 - Executing Python script
2024-12-15 17:04:58 - Data collection script failed
2024-12-15 17:05:18 - Starting data collection script
2024-12-15 17:05:18 - Executing Python script
2024-12-15 17:05:47 - Data collection script completed successfully
2024-12-15 17:06:02 - Model training script completed successfully
2024-12-15 17:07:10 - Starting data collection script
2024-12-15 17:07:10 - Executing Python script
2024-12-15 17:07:40 - Data collection script completed successfully
2024-12-15 17:07:59 - Model training script completed successfully
2024-12-15 17:09:58 - Starting data collection script
2024-12-15 17:10:25 - Data collection script completed successfully
2024-12-15 17:10:40 - Model training script completed successfully
2024-12-15 17:14:10 - Starting data collection script
2024-12-15 17:14:30 - Data collection script completed successfully
2024-12-15 17:14:46 - Model training script completed successfully
2024-12-15 17:18:14 - Starting data collection script
2024-12-15 17:18:35 - Data collection script completed successfully
2024-12-15 17:18:51 - Model training script completed successfully
2024-12-15 17:18:51 - Flask application restarted successfully
