2024-12-13 15:31:07,766 - INFO: Data saved to data/raw/environmental_data_20241213_153107.csv
Traceback (most recent call last):
  File "/home/abdulrafay/mlops/course-project-abdul-rafay-1/src/data_collection.py", line 130, in <module>
    main()
  File "/home/abdulrafay/mlops/course-project-abdul-rafay-1/src/data_collection.py", line 121, in main
    subprocess.run(['dvc', 'add', data_file], check=True)
  File "/usr/lib/python3.10/subprocess.py", line 503, in run
    with Popen(*popenargs, **kwargs) as process:
  File "/usr/lib/python3.10/subprocess.py", line 971, in __init__
    self._execute_child(args, executable, preexec_fn, close_fds,
  File "/usr/lib/python3.10/subprocess.py", line 1863, in _execute_child
    raise child_exception_type(errno_num, err_msg, err_filename)
NotADirectoryError: [Errno 20] Not a directory: 'dvc'
2024-12-13 15:33:07,951 - INFO: Data saved to data/raw/environmental_data_20241213_153307.csv
Traceback (most recent call last):
  File "/home/abdulrafay/mlops/course-project-abdul-rafay-1/src/data_collection.py", line 130, in <module>
    main()
  File "/home/abdulrafay/mlops/course-project-abdul-rafay-1/src/data_collection.py", line 121, in main
    subprocess.run(['/usr/local/bin/dvc', 'dvc', 'add', data_file], check=True)
  File "/usr/lib/python3.10/subprocess.py", line 503, in run
    with Popen(*popenargs, **kwargs) as process:
  File "/usr/lib/python3.10/subprocess.py", line 971, in __init__
    self._execute_child(args, executable, preexec_fn, close_fds,
  File "/usr/lib/python3.10/subprocess.py", line 1863, in _execute_child
    raise child_exception_type(errno_num, err_msg, err_filename)
FileNotFoundError: [Errno 2] No such file or directory: '/usr/local/bin/dvc'
2024-12-13 15:40:07,517 - INFO: Data saved to data/raw/environmental_data_20241213_154007.csv
ERROR: argument command: invalid choice: 'dvc' (choose from 'add', 'artifacts', 'cache', 'check-ignore', 'checkout', 'commit', 'completion', 'config', 'daemon', 'dag', 'data', 'pull', 'push', 'fetch', 'status', 'dataset', 'ds', 'destroy', 'diff', 'du', 'experiments', 'exp', 'freeze', 'unfreeze', 'gc', 'get', 'get-url', 'git-hook', 'import', 'import-db', 'test-db', 'import-url', 'init', 'install', 'list', 'ls', 'list-url', 'ls-url', 'metrics', 'move', 'mv', 'params', 'plots', 'queue', 'remote', 'remove', 'rm', 'repro', 'root', 'stage', 'studio', 'unprotect', 'update', 'version', 'doctor')
usage: dvc [-q | -v] [-h] [-V] [--cd <path>] command ...

Data Version Control

options:
  -q, --quiet        Be quiet.
  -v, --verbose      Be verbose.
  -h, --help         Show this help message and exit.
  -V, --version      Show program's version.
  --cd <path>        Change to directory before executing.

Available Commands:
  command            Use `dvc command --help` for command-specific help.
    add              Track data files or directories with DVC.
    artifacts        DVC model registry artifact commands.
    cache            Manage cache settings.
    check-ignore     Check whether files or directories are excluded due to `.dvcignore`.
    checkout         Checkout data files from cache.
    commit           Record changes to files or directories tracked by DVC by storing the current versions in the cache.
    completion       Generate shell tab completion.
    config           Get or set config options.
    dag              Visualize DVC project DAG.
    pull             Download tracked files or directories from remote storage.
    push             Upload tracked files or directories to remote storage.
    fetch            Download files or directories from remote storage to the cache.
    status           Show changed stages, compare local cache and a remote storage.
    destroy          Remove DVC files, local DVC config and data cache.
    diff             Show added, modified, or deleted data between commits in the DVC repository, or between a commit and the workspace.
    du               Show disk usage.
    experiments (exp)
                     Commands to run and compare experiments.
    freeze           Freeze stages or .dvc files.
    unfreeze         Unfreeze stages or .dvc files.
    gc               Garbage collect unused objects from cache or remote storage.
    get              Download file or directory tracked by DVC or by Git.
    get-url          Download or copy files from URL.
    import           Download file or directory tracked by DVC or by Git into the workspace, and track it.
    import-db        Snapshot a table or a SQL query result to a CSV/JSON format
    import-url       Download or copy file from URL and take it under DVC control.
    init             Initialize DVC in the current directory.
    install          Install DVC git hooks into the repository.
    list (ls)        List repository contents, including files and directories tracked by DVC and by Git.
    list-url (ls-url)
                     List directory contents from URL.
    metrics          Commands to display and compare metrics.
    move (mv)        Rename or move a DVC controlled data file or a directory.
    params           Commands to display params.
    plots            Commands to visualize and compare plot data.
    queue            Commands to manage experiments queue.
    remote           Set up and manage data remotes.
    remove (rm)      Remove stages from dvc.yaml and/or stop tracking files or directories.
    repro            Reproduce complete or partial pipelines by executing their stages.
    root             Return the relative path to the root of the DVC project.
    stage            Commands to list and create stages.
    studio           Commands to authenticate DVC with Iterative Studio
    unprotect        Unprotect tracked files or directories (when hardlinks or symlinks have been enabled with `dvc config cache.type`).
    update           Update data artifact imported (via dvc import or dvc import-url) from an external DVC repository or URL.
    version (doctor)
                     Display the DVC version and system/environment information.
Traceback (most recent call last):
  File "/home/abdulrafay/mlops/course-project-abdul-rafay-1/src/data_collection.py", line 130, in <module>
    main()
  File "/home/abdulrafay/mlops/course-project-abdul-rafay-1/src/data_collection.py", line 121, in main
    subprocess.run(['/home/abdulrafay/.local/bin/dvc', 'dvc', 'add', data_file], check=True)
  File "/usr/lib/python3.10/subprocess.py", line 526, in run
    raise CalledProcessError(retcode, process.args,
subprocess.CalledProcessError: Command '['/home/abdulrafay/.local/bin/dvc', 'dvc', 'add', 'data/raw/environmental_data_20241213_154007.csv']' returned non-zero exit status 254.
2024-12-13 15:44:07,489 - INFO: Data saved to data/raw/environmental_data_20241213_154407.csv
ERROR: you are not inside of a DVC repository (checked up to mount point '/')
Traceback (most recent call last):
  File "/home/abdulrafay/mlops/course-project-abdul-rafay-1/src/data_collection.py", line 130, in <module>
    main()
  File "/home/abdulrafay/mlops/course-project-abdul-rafay-1/src/data_collection.py", line 121, in main
    subprocess.run(['/home/abdulrafay/.local/bin/dvc', 'add', data_file], check=True)
  File "/usr/lib/python3.10/subprocess.py", line 526, in run
    raise CalledProcessError(retcode, process.args,
subprocess.CalledProcessError: Command '['/home/abdulrafay/.local/bin/dvc', 'add', 'data/raw/environmental_data_20241213_154407.csv']' returned non-zero exit status 253.
2024-12-13 16:00:07,097 - INFO: Data saved to data/raw/environmental_data_20241213_160007.csv
ERROR: you are not inside of a DVC repository (checked up to mount point '/')
Traceback (most recent call last):
  File "/home/abdulrafay/mlops/course-project-abdul-rafay-1/src/data_collection.py", line 130, in <module>
    main()
  File "/home/abdulrafay/mlops/course-project-abdul-rafay-1/src/data_collection.py", line 121, in main
    subprocess.run(['/home/abdulrafay/.local/bin/dvc', 'add', data_file], check=True)
  File "/usr/lib/python3.10/subprocess.py", line 526, in run
    raise CalledProcessError(retcode, process.args,
subprocess.CalledProcessError: Command '['/home/abdulrafay/.local/bin/dvc', 'add', 'data/raw/environmental_data_20241213_160007.csv']' returned non-zero exit status 253.
2024-12-13 16:08:08,485 - INFO: Data saved to data/raw/environmental_data_20241213_160808.csv
ERROR: you are not inside of a DVC repository (checked up to mount point '/')
Traceback (most recent call last):
  File "/home/abdulrafay/mlops/course-project-abdul-rafay-1/src/data_collection.py", line 130, in <module>
    main()
  File "/home/abdulrafay/mlops/course-project-abdul-rafay-1/src/data_collection.py", line 121, in main
    subprocess.run(['/home/abdulrafay/.local/bin/dvc', 'add', data_file], check=True)
  File "/usr/lib/python3.10/subprocess.py", line 526, in run
    raise CalledProcessError(retcode, process.args,
subprocess.CalledProcessError: Command '['/home/abdulrafay/.local/bin/dvc', 'add', 'data/raw/environmental_data_20241213_160808.csv']' returned non-zero exit status 253.
2024-12-13 17:00:11,319 - INFO: Data saved to data/raw/environmental_data_20241213_170011.csv
ERROR: you are not inside of a DVC repository (checked up to mount point '/')
Traceback (most recent call last):
  File "/home/abdulrafay/mlops/course-project-abdul-rafay-1/src/data_collection.py", line 130, in <module>
    main()
  File "/home/abdulrafay/mlops/course-project-abdul-rafay-1/src/data_collection.py", line 121, in main
    subprocess.run(['/home/abdulrafay/.local/bin/dvc', 'add', data_file], check=True)
  File "/usr/lib/python3.10/subprocess.py", line 526, in run
    raise CalledProcessError(retcode, process.args,
subprocess.CalledProcessError: Command '['/home/abdulrafay/.local/bin/dvc', 'add', 'data/raw/environmental_data_20241213_170011.csv']' returned non-zero exit status 253.
